[2021-03-05T17:40:34.320] [DEBUG] cheese - login => username:张三,password:123456
[2021-03-05T17:40:34.321] [DEBUG] cheese - 张三
[2021-03-05T17:40:34.328] [DEBUG] cheese - null
[2021-03-05T17:40:34.328] [DEBUG] cheese - null
[2021-03-05T17:40:53.938] [DEBUG] cheese - login => username:admin,password:123456
[2021-03-05T17:40:53.938] [DEBUG] cheese - admin
[2021-03-05T17:40:53.944] [DEBUG] cheese - null
[2021-03-05T17:40:53.945] [DEBUG] cheese - null
[2021-03-07T14:43:58.767] [DEBUG] cheese - login => username:sdwa,password:sdwasdwa
[2021-03-07T14:43:58.768] [DEBUG] cheese - sdwa
[2021-03-07T14:43:58.992] [DEBUG] cheese - null
[2021-03-07T14:43:58.993] [DEBUG] cheese - null
[2021-03-07T14:44:17.154] [DEBUG] cheese - login => username:admin,password:123456
[2021-03-07T14:44:17.154] [DEBUG] cheese - admin
[2021-03-07T14:44:17.164] [DEBUG] cheese - null
[2021-03-07T14:44:17.164] [DEBUG] cheese - null
[2021-03-07T14:45:59.643] [DEBUG] cheese - login => username:asd,password:sdawdas
[2021-03-07T14:45:59.644] [DEBUG] cheese - asd
[2021-03-07T14:45:59.647] [DEBUG] cheese - null
[2021-03-07T14:45:59.648] [DEBUG] cheese - null
[2021-03-07T14:46:13.108] [DEBUG] cheese - login => username:sadw,password:sdwasdee
[2021-03-07T14:46:13.108] [DEBUG] cheese - sadw
[2021-03-07T14:46:13.112] [DEBUG] cheese - null
[2021-03-07T14:46:13.112] [DEBUG] cheese - null
[2021-03-07T14:46:15.468] [DEBUG] cheese - login => username:sadw,password:sdwasdee
[2021-03-07T14:46:15.468] [DEBUG] cheese - sadw
[2021-03-07T14:46:15.471] [DEBUG] cheese - null
[2021-03-07T14:46:15.471] [DEBUG] cheese - null
[2021-03-07T14:46:22.748] [DEBUG] cheese - login => username:admin,password:123456
[2021-03-07T14:46:22.748] [DEBUG] cheese - admin
[2021-03-07T14:46:22.754] [DEBUG] cheese - null
[2021-03-07T14:46:22.754] [DEBUG] cheese - null
[2021-03-07T15:34:09.968] [DEBUG] cheese - login => username:asd,password:wesadwa
[2021-03-07T15:34:09.968] [DEBUG] cheese - asd
[2021-03-07T15:34:09.973] [DEBUG] cheese - null
[2021-03-07T15:34:09.973] [DEBUG] cheese - null
[2021-03-07T15:34:32.045] [DEBUG] cheese - login => username:admin,password:123456
[2021-03-07T15:34:32.045] [DEBUG] cheese - admin
[2021-03-07T15:34:32.049] [DEBUG] cheese - null
[2021-03-07T15:34:32.049] [DEBUG] cheese - null
[2021-03-07T15:48:19.981] [DEBUG] cheese - login => username:admin,password:123456
[2021-03-07T15:48:19.981] [DEBUG] cheese - admin
[2021-03-07T15:48:19.990] [DEBUG] cheese - null
[2021-03-07T15:48:19.990] [DEBUG] cheese - null
[2021-03-07T18:22:08.045] [DEBUG] cheese - login => username:admin,password:123456
[2021-03-07T18:22:08.046] [DEBUG] cheese - admin
[2021-03-07T18:22:08.054] [DEBUG] cheese - null
[2021-03-07T18:22:08.054] [DEBUG] cheese - null
[2021-03-07T18:41:19.652] [DEBUG] cheese - login => username:admin,password:123456
[2021-03-07T18:41:19.652] [DEBUG] cheese - admin
[2021-03-07T18:41:19.658] [DEBUG] cheese - null
[2021-03-07T18:41:19.659] [DEBUG] cheese - null
[2021-03-10T16:47:47.028] [DEBUG] cheese - login => username:admin,password:123456
[2021-03-10T16:47:47.029] [DEBUG] cheese - admin
[2021-03-10T16:47:47.308] [DEBUG] cheese - null
[2021-03-10T16:47:47.308] [DEBUG] cheese - null
[2021-03-11T17:15:47.599] [DEBUG] cheese - login => username:admin,password:123456
[2021-03-11T17:15:47.600] [DEBUG] cheese - admin
[2021-03-11T17:15:47.915] [DEBUG] cheese - null
[2021-03-11T17:15:47.916] [DEBUG] cheese - null
[2021-03-12T17:03:14.395] [DEBUG] cheese - login => username:admin,password:123456
[2021-03-12T17:03:14.396] [DEBUG] cheese - admin
[2021-03-12T17:03:14.614] [DEBUG] cheese - null
[2021-03-12T17:03:14.615] [DEBUG] cheese - null
[2021-03-12T17:10:17.203] [DEBUG] cheese - login => username:admin,password:123456
[2021-03-12T17:10:17.204] [DEBUG] cheese - admin
[2021-03-12T17:10:17.209] [DEBUG] cheese - null
[2021-03-12T17:10:17.209] [DEBUG] cheese - null
[2021-03-13T15:17:26.629] [DEBUG] cheese - login => username:admin,password:123456
[2021-03-13T15:17:26.631] [DEBUG] cheese - admin
[2021-03-13T15:17:26.864] [DEBUG] cheese - null
[2021-03-13T15:17:26.865] [DEBUG] cheese - null
[2021-03-14T17:02:34.423] [DEBUG] cheese - login => username:admin,password:123456
[2021-03-14T17:02:34.425] [DEBUG] cheese - admin
[2021-03-14T17:02:34.772] [DEBUG] cheese - null
[2021-03-14T17:02:34.772] [DEBUG] cheese - null
[2021-03-15T23:46:50.336] [DEBUG] cheese - login => username:admin,password:123456
[2021-03-15T23:46:50.337] [DEBUG] cheese - admin
[2021-03-15T23:46:50.662] [DEBUG] cheese - null
[2021-03-15T23:46:50.662] [DEBUG] cheese - null
[2021-03-24T16:26:56.173] [DEBUG] cheese - login => username:admin,password:123456
[2021-03-24T16:26:56.174] [DEBUG] cheese - admin
[2021-03-24T16:26:56.399] [DEBUG] cheese - null
[2021-03-24T16:26:56.399] [DEBUG] cheese - null
[2021-03-25T08:46:11.436] [DEBUG] cheese - login => username:admin,password:123456
[2021-03-25T08:46:11.437] [DEBUG] cheese - admin
[2021-03-25T08:46:11.638] [DEBUG] cheese - null
[2021-03-25T08:46:11.639] [DEBUG] cheese - null
[2021-03-25T08:55:41.181] [DEBUG] cheese - login => username:admin,password:123456
[2021-03-25T08:55:41.182] [DEBUG] cheese - admin
[2021-03-25T08:55:41.185] [DEBUG] cheese - null
[2021-03-25T08:55:41.186] [DEBUG] cheese - null
[2021-03-25T17:38:55.967] [DEBUG] cheese - null
[2021-03-25T17:40:17.126] [DEBUG] cheese - null
[2021-03-25T17:41:55.585] [DEBUG] cheese - null
[2021-03-25T17:42:13.944] [DEBUG] cheese - null
[2021-03-25T17:43:19.752] [DEBUG] cheese - null
[2021-03-25T17:45:35.747] [DEBUG] cheese - null
[2021-03-25T19:07:00.432] [DEBUG] cheese - null
[2021-03-25T19:09:15.395] [DEBUG] cheese - null
[2021-03-25T19:11:54.558] [DEBUG] cheese - null
[2021-03-25T19:13:03.631] [DEBUG] cheese - null
[2021-03-25T19:13:08.036] [DEBUG] cheese - null
[2021-03-25T19:13:12.519] [DEBUG] cheese - null
[2021-03-25T19:14:34.760] [DEBUG] cheese - null
[2021-03-25T19:14:40.462] [DEBUG] cheese - null
[2021-03-25T19:14:43.319] [DEBUG] cheese - null
[2021-03-26T15:51:39.746] [DEBUG] cheese - login => username:admin,password:123456
[2021-03-26T15:51:39.748] [DEBUG] cheese - admin
[2021-03-26T15:51:39.981] [DEBUG] cheese - null
[2021-03-26T15:51:39.982] [DEBUG] cheese - null
[2021-03-27T09:43:40.405] [DEBUG] cheese - login => username:admin,password:123456
[2021-03-27T09:43:40.407] [DEBUG] cheese - admin
[2021-03-27T09:43:42.069] [DEBUG] cheese - null
[2021-03-27T09:43:42.070] [DEBUG] cheese - null
[2021-03-29T19:19:36.457] [DEBUG] cheese - login => username:admin,password:123456
[2021-03-29T19:19:36.458] [DEBUG] cheese - admin
[2021-03-29T19:19:36.681] [DEBUG] cheese - null
[2021-03-29T19:19:36.682] [DEBUG] cheese - null
[2021-03-29T20:09:58.508] [DEBUG] cheese - login => username:admin,password:123456
[2021-03-29T20:09:58.509] [DEBUG] cheese - admin
[2021-03-29T20:09:58.521] [DEBUG] cheese - null
[2021-03-29T20:09:58.521] [DEBUG] cheese - null
[2021-03-29T20:18:05.153] [DEBUG] cheese - login => username:admin,password:123456
[2021-03-29T20:18:05.155] [DEBUG] cheese - admin
[2021-03-29T20:18:05.166] [DEBUG] cheese - null
[2021-03-29T20:18:05.166] [DEBUG] cheese - null
[2021-03-31T16:03:33.707] [DEBUG] cheese - login => username:admin,password:123456
[2021-03-31T16:03:33.708] [DEBUG] cheese - admin
[2021-03-31T16:03:34.073] [DEBUG] cheese - null
[2021-03-31T16:03:34.074] [DEBUG] cheese - null
[2021-04-01T17:01:10.523] [DEBUG] cheese - login => username:admin,password:123456
[2021-04-01T17:01:10.524] [DEBUG] cheese - admin
[2021-04-01T17:01:10.724] [DEBUG] cheese - null
[2021-04-01T17:01:10.724] [DEBUG] cheese - null
[2021-04-01T19:18:51.379] [DEBUG] cheese - login => username:admin,password:123456
[2021-04-01T19:18:51.381] [DEBUG] cheese - admin
[2021-04-01T19:18:51.386] [DEBUG] cheese - null
[2021-04-01T19:18:51.386] [DEBUG] cheese - null
[2021-04-03T15:37:15.681] [DEBUG] cheese - login => username:admin,password:123456
[2021-04-03T15:37:15.683] [DEBUG] cheese - admin
[2021-04-03T15:37:16.724] [DEBUG] cheese - null
[2021-04-03T15:37:16.725] [DEBUG] cheese - null
[2021-04-03T17:19:12.248] [DEBUG] cheese - login => username:admin,password:123456
[2021-04-03T17:19:12.249] [DEBUG] cheese - admin
[2021-04-03T17:19:12.259] [DEBUG] cheese - null
[2021-04-03T17:19:12.259] [DEBUG] cheese - null
[2021-04-04T13:55:07.320] [DEBUG] cheese - login => username:admin,password:123456
[2021-04-04T13:55:07.321] [DEBUG] cheese - admin
[2021-04-04T13:55:07.593] [DEBUG] cheese - null
[2021-04-04T13:55:07.594] [DEBUG] cheese - null
[2021-04-05T14:37:35.442] [DEBUG] cheese - login => username:admin,password:123456
[2021-04-05T14:37:35.443] [DEBUG] cheese - admin
[2021-04-05T14:37:35.674] [DEBUG] cheese - null
[2021-04-05T14:37:35.674] [DEBUG] cheese - null
[2021-04-05T14:40:51.738] [DEBUG] cheese - login => username:admin,password:123456
[2021-04-05T14:40:51.739] [DEBUG] cheese - admin
[2021-04-05T14:40:51.748] [DEBUG] cheese - null
[2021-04-05T14:40:51.749] [DEBUG] cheese - null
[2021-04-05T14:46:16.841] [DEBUG] cheese - login => username:admin,password:123456
[2021-04-05T14:46:16.841] [DEBUG] cheese - admin
[2021-04-05T14:46:16.844] [DEBUG] cheese - null
[2021-04-05T14:46:16.845] [DEBUG] cheese - null
[2021-04-05T15:07:12.287] [DEBUG] cheese - login => username:admin,password:123456
[2021-04-05T15:07:12.289] [DEBUG] cheese - admin
[2021-04-05T15:07:12.295] [DEBUG] cheese - null
[2021-04-05T15:07:12.296] [DEBUG] cheese - null
[2021-04-05T15:08:19.138] [DEBUG] cheese - login => username:admin,password:123456
[2021-04-05T15:08:19.138] [DEBUG] cheese - admin
[2021-04-05T15:08:19.145] [DEBUG] cheese - null
[2021-04-05T15:08:19.145] [DEBUG] cheese - null
[2021-04-05T15:08:56.120] [DEBUG] cheese - login => username:test,password:123456
[2021-04-05T15:08:56.120] [DEBUG] cheese - test
[2021-04-05T15:08:56.125] [DEBUG] cheese - null
[2021-04-05T15:08:56.125] [DEBUG] cheese - null
[2021-04-05T15:09:02.321] [DEBUG] cheese - login => username:test,password:123456
[2021-04-05T15:09:02.322] [DEBUG] cheese - test
[2021-04-05T15:09:02.327] [DEBUG] cheese - null
[2021-04-05T15:09:02.327] [DEBUG] cheese - null
[2021-04-05T15:09:07.817] [DEBUG] cheese - login => username:admin,password:123456
[2021-04-05T15:09:07.818] [DEBUG] cheese - admin
[2021-04-05T15:09:07.823] [DEBUG] cheese - null
[2021-04-05T15:09:07.823] [DEBUG] cheese - null
[2021-04-05T15:10:03.354] [DEBUG] cheese - login => username:test,password:123456
[2021-04-05T15:10:03.354] [DEBUG] cheese - test
[2021-04-05T15:10:03.360] [DEBUG] cheese - null
[2021-04-05T15:10:03.360] [DEBUG] cheese - null
[2021-04-05T15:10:08.457] [DEBUG] cheese - login => username:test,password:123456
[2021-04-05T15:10:08.457] [DEBUG] cheese - test
[2021-04-05T15:10:08.461] [DEBUG] cheese - null
[2021-04-05T15:10:08.461] [DEBUG] cheese - null
[2021-04-05T15:10:09.138] [DEBUG] cheese - login => username:test,password:123456
[2021-04-05T15:10:09.138] [DEBUG] cheese - test
[2021-04-05T15:10:09.142] [DEBUG] cheese - null
[2021-04-05T15:10:09.142] [DEBUG] cheese - null
[2021-04-05T15:10:09.306] [DEBUG] cheese - login => username:test,password:123456
[2021-04-05T15:10:09.306] [DEBUG] cheese - test
[2021-04-05T15:10:09.309] [DEBUG] cheese - null
[2021-04-05T15:10:09.310] [DEBUG] cheese - null
[2021-04-05T15:10:09.481] [DEBUG] cheese - login => username:test,password:123456
[2021-04-05T15:10:09.481] [DEBUG] cheese - test
[2021-04-05T15:10:09.488] [DEBUG] cheese - null
[2021-04-05T15:10:09.488] [DEBUG] cheese - null
[2021-04-05T15:10:14.399] [DEBUG] cheese - login => username:admin,password:123456
[2021-04-05T15:10:14.399] [DEBUG] cheese - admin
[2021-04-05T15:10:14.403] [DEBUG] cheese - null
[2021-04-05T15:10:14.403] [DEBUG] cheese - null
[2021-04-05T15:10:44.139] [DEBUG] cheese - login => username:admin,password:123456
[2021-04-05T15:10:44.139] [DEBUG] cheese - admin
[2021-04-05T15:10:44.144] [DEBUG] cheese - null
[2021-04-05T15:10:44.144] [DEBUG] cheese - null
[2021-04-05T15:17:27.011] [DEBUG] cheese - login => username:test,password:123456
[2021-04-05T15:17:27.013] [DEBUG] cheese - test
[2021-04-05T15:17:27.016] [DEBUG] cheese - null
[2021-04-05T15:17:27.017] [DEBUG] cheese - null
[2021-04-05T15:17:43.519] [DEBUG] cheese - null
[2021-04-05T15:17:43.526] [DEBUG] cheese - null
[2021-04-05T15:17:45.134] [DEBUG] cheese - null
[2021-04-05T15:17:45.139] [DEBUG] cheese - null
[2021-04-05T15:17:46.988] [DEBUG] cheese - null
[2021-04-05T15:17:46.994] [DEBUG] cheese - null
[2021-04-05T15:17:51.847] [DEBUG] cheese - null
[2021-04-05T15:17:51.852] [DEBUG] cheese - null
[2021-04-05T15:17:54.408] [DEBUG] cheese - null
[2021-04-05T15:17:54.410] [DEBUG] cheese - null
[2021-04-05T15:17:56.063] [DEBUG] cheese - null
[2021-04-05T15:17:56.066] [DEBUG] cheese - null
[2021-04-05T15:17:57.849] [DEBUG] cheese - null
[2021-04-05T15:17:57.853] [DEBUG] cheese - null
[2021-04-05T15:17:58.640] [DEBUG] cheese - null
[2021-04-05T15:17:58.645] [DEBUG] cheese - null
[2021-04-05T15:18:00.248] [DEBUG] cheese - null
[2021-04-05T15:18:00.252] [DEBUG] cheese - null
[2021-04-05T15:18:19.138] [DEBUG] cheese - null
[2021-04-05T15:18:19.144] [DEBUG] cheese - null
[2021-04-05T15:18:20.496] [DEBUG] cheese - null
[2021-04-05T15:18:20.500] [DEBUG] cheese - null
[2021-04-05T15:18:25.949] [DEBUG] cheese - null
[2021-04-05T15:18:25.955] [DEBUG] cheese - null
[2021-04-05T15:18:26.543] [DEBUG] cheese - null
[2021-04-05T15:18:26.546] [DEBUG] cheese - null
[2021-04-05T15:18:27.912] [DEBUG] cheese - null
[2021-04-05T15:18:27.915] [DEBUG] cheese - null
[2021-04-05T15:18:29.219] [DEBUG] cheese - null
[2021-04-05T15:18:33.226] [DEBUG] cheese - null
[2021-04-05T15:18:33.230] [DEBUG] cheese - null
[2021-04-05T15:18:37.217] [DEBUG] cheese - login => username:admin,password:123456
[2021-04-05T15:18:37.217] [DEBUG] cheese - admin
[2021-04-05T15:18:37.220] [DEBUG] cheese - null
[2021-04-05T15:18:37.220] [DEBUG] cheese - null
[2021-04-05T15:41:35.514] [DEBUG] cheese - login => username:admin,password:123456
[2021-04-05T15:41:35.514] [DEBUG] cheese - admin
[2021-04-05T15:41:35.517] [DEBUG] cheese - null
[2021-04-05T15:41:35.517] [DEBUG] cheese - null
[2021-04-05T15:44:51.874] [DEBUG] cheese - login => username:admin,password:123456
[2021-04-05T15:44:51.874] [DEBUG] cheese - admin
[2021-04-05T15:44:51.878] [DEBUG] cheese - null
[2021-04-05T15:44:51.878] [DEBUG] cheese - null
[2021-04-05T15:46:22.738] [DEBUG] cheese - login => username:admin,password:123456
[2021-04-05T15:46:22.740] [DEBUG] cheese - admin
[2021-04-05T15:46:22.745] [DEBUG] cheese - null
[2021-04-05T15:46:22.745] [DEBUG] cheese - null
[2021-04-20T14:16:36.290] [DEBUG] cheese - login => username:admin,password:123456
[2021-04-20T14:16:36.291] [DEBUG] cheese - admin
[2021-04-20T14:16:36.558] [DEBUG] cheese - null
[2021-04-20T14:16:36.559] [DEBUG] cheese - null
[2021-08-21T12:56:37.956] [DEBUG] cheese - login => username:admin,password:123456
[2021-08-21T12:56:37.958] [DEBUG] cheese - admin
[2021-08-21T12:56:38.218] [DEBUG] cheese - null
[2021-08-21T12:56:38.218] [DEBUG] cheese - null
[2021-08-21T13:04:23.729] [DEBUG] cheese - login => username:admin,password:123456
[2021-08-21T13:04:23.730] [DEBUG] cheese - admin
[2021-08-21T13:04:23.734] [DEBUG] cheese - null
[2021-08-21T13:04:23.735] [DEBUG] cheese - null
[2021-08-21T13:22:37.202] [DEBUG] cheese - null
[2021-08-21T13:22:45.346] [DEBUG] cheese - null
[2021-08-21T13:24:08.521] [DEBUG] cheese - null
[2021-08-21T13:52:57.716] [DEBUG] cheese - login => username:admin,password:123456
[2021-08-21T13:52:57.716] [DEBUG] cheese - admin
[2021-08-21T13:52:57.721] [DEBUG] cheese - null
[2021-08-21T13:52:57.721] [DEBUG] cheese - null
[2021-08-21T13:53:17.693] [DEBUG] cheese - null
[2021-08-21T13:53:21.494] [DEBUG] cheese - null
[2021-08-21T13:53:37.883] [DEBUG] cheese - null
[2021-08-21T13:56:23.314] [DEBUG] cheese - login => username:admin,password:123456
[2021-08-21T13:56:23.314] [DEBUG] cheese - admin
[2021-08-21T13:56:23.317] [DEBUG] cheese - null
[2021-08-21T13:56:23.317] [DEBUG] cheese - null
[2021-08-21T13:57:00.628] [DEBUG] cheese - login => username:admin,password:123456
[2021-08-21T13:57:00.628] [DEBUG] cheese - admin
[2021-08-21T13:57:00.632] [DEBUG] cheese - null
[2021-08-21T13:57:00.632] [DEBUG] cheese - null
[2021-08-21T22:25:25.917] [DEBUG] cheese - login => username:admin,password:123456
[2021-08-21T22:25:25.918] [DEBUG] cheese - admin
[2021-08-21T22:25:26.008] [DEBUG] cheese - null
[2021-08-21T22:25:26.008] [DEBUG] cheese - null
